[08:07:51] [Client thread/INFO]: Setting user: Player645
[08:07:56] [Client thread/INFO]: LWJGL Version: 2.9.2
[08:07:59] [Client thread/INFO]: Reloading ResourceManager: Default, FMLFileResourcePack:Forge Mod Loader, FMLFileResourcePack:Minecraft Forge, FMLFileResourcePack:Example Mod
[08:08:01] [Sound Library Loader/INFO]: Starting up SoundSystem...
[08:08:01] [Thread-5/INFO]: Initializing LWJGL OpenAL
[08:08:01] [Thread-5/INFO]: (The LWJGL binding of OpenAL.  For more information, see http://www.lwjgl.org)
[08:08:01] [Thread-5/INFO]: OpenAL initialized.
[08:08:01] [Sound Library Loader/INFO]: Sound engine started
[08:08:02] [Client thread/INFO]: Created: 16x16 textures-atlas
[08:08:04] [Client thread/INFO]: Reloading ResourceManager: Default, FMLFileResourcePack:Forge Mod Loader, FMLFileResourcePack:Minecraft Forge, FMLFileResourcePack:Example Mod
[08:08:05] [Client thread/INFO]: SoundSystem shutting down...
[08:08:05] [Client thread/WARN]: Author: Paul Lamb, www.paulscode.com
[08:08:05] [Sound Library Loader/INFO]: Starting up SoundSystem...
[08:08:05] [Thread-7/INFO]: Initializing LWJGL OpenAL
[08:08:05] [Thread-7/INFO]: (The LWJGL binding of OpenAL.  For more information, see http://www.lwjgl.org)
[08:08:05] [Thread-7/INFO]: OpenAL initialized.
[08:08:06] [Sound Library Loader/INFO]: Sound engine started
[08:08:06] [Client thread/INFO]: Created: 512x512 textures-atlas
[08:08:08] [Realms Notification Availability checker #1/INFO]: Could not authorize you against Realms server: Invalid session id
[08:08:12] [Client thread/INFO]: Stopping!
[08:08:12] [Client thread/INFO]: SoundSystem shutting down...
[08:08:12] [Client thread/WARN]: Author: Paul Lamb, www.paulscode.com
